<?xml version="1.0" encoding="UTF-8"?>
<testng-results ignored="0" total="1" passed="1" failed="0" skipped="0">
  <reporter-output>
  </reporter-output>
  <suite started-at="2022-04-06T11:04:54Z" name="Default suite" finished-at="2022-04-06T11:05:40Z" duration-ms="46171">
    <groups>
    </groups>
    <test started-at="2022-04-06T11:04:54Z" name="Default test" finished-at="2022-04-06T11:05:40Z" duration-ms="46171">
      <class name="Pageclasses.Testclasses">
        <test-method signature="teshomepage()[pri:0, instance:Pageclasses.Testclasses@229c6181]" started-at="2022-04-06T11:04:54Z" name="teshomepage" finished-at="2022-04-06T11:05:40Z" duration-ms="46155" status="PASS">
          <reporter-output>
          </reporter-output>
        </test-method> <!-- teshomepage -->
      </class> <!-- Pageclasses.Testclasses -->
    </test> <!-- Default test -->
  </suite> <!-- Default suite -->
</testng-results>
